<?xml version="1.0" encoding="UTF-8"?>
<testsuite name="com.linkedin.docker.example.DockerExampleApplicationTests" tests="1" skipped="0" failures="0" errors="0" timestamp="2022-07-01T04:54:49" hostname="lpant-mn1.linkedin.biz" time="0.206">
  <properties/>
  <testcase name="contextLoads()" classname="com.linkedin.docker.example.DockerExampleApplicationTests" time="0.206"/>
  <system-out><![CDATA[10:24:48.184 [Test worker] DEBUG org.springframework.test.context.BootstrapUtils - Instantiating CacheAwareContextLoaderDelegate from class [org.springframework.test.context.cache.DefaultCacheAwareContextLoaderDelegate]
10:24:48.191 [Test worker] DEBUG org.springframework.test.context.BootstrapUtils - Instantiating BootstrapContext using constructor [public org.springframework.test.context.support.DefaultBootstrapContext(java.lang.Class,org.springframework.test.context.CacheAwareContextLoaderDelegate)]
10:24:48.211 [Test worker] DEBUG org.springframework.test.context.BootstrapUtils - Instantiating TestContextBootstrapper for test class [com.linkedin.docker.example.DockerExampleApplicationTests] from class [org.springframework.boot.test.context.SpringBootTestContextBootstrapper]
10:24:48.218 [Test worker] INFO org.springframework.boot.test.context.SpringBootTestContextBootstrapper - Neither @ContextConfiguration nor @ContextHierarchy found for test class [com.linkedin.docker.example.DockerExampleApplicationTests], using SpringBootContextLoader
10:24:48.221 [Test worker] DEBUG org.springframework.test.context.support.AbstractContextLoader - Did not detect default resource location for test class [com.linkedin.docker.example.DockerExampleApplicationTests]: class path resource [com/linkedin/docker/example/DockerExampleApplicationTests-context.xml] does not exist
10:24:48.221 [Test worker] DEBUG org.springframework.test.context.support.AbstractContextLoader - Did not detect default resource location for test class [com.linkedin.docker.example.DockerExampleApplicationTests]: class path resource [com/linkedin/docker/example/DockerExampleApplicationTestsContext.groovy] does not exist
10:24:48.221 [Test worker] INFO org.springframework.test.context.support.AbstractContextLoader - Could not detect default resource locations for test class [com.linkedin.docker.example.DockerExampleApplicationTests]: no resource found for suffixes {-context.xml, Context.groovy}.
10:24:48.222 [Test worker] INFO org.springframework.test.context.support.AnnotationConfigContextLoaderUtils - Could not detect default configuration classes for test class [com.linkedin.docker.example.DockerExampleApplicationTests]: DockerExampleApplicationTests does not declare any static, non-private, non-final, nested classes annotated with @Configuration.
10:24:48.255 [Test worker] DEBUG org.springframework.test.context.support.ActiveProfilesUtils - Could not find an 'annotation declaring class' for annotation type [org.springframework.test.context.ActiveProfiles] and class [com.linkedin.docker.example.DockerExampleApplicationTests]
10:24:48.298 [Test worker] DEBUG org.springframework.context.annotation.ClassPathScanningCandidateComponentProvider - Identified candidate component class: file [/Users/lpant/personal/docker-example/build/classes/java/main/com/linkedin/docker/example/DockerExampleApplication.class]
10:24:48.299 [Test worker] INFO org.springframework.boot.test.context.SpringBootTestContextBootstrapper - Found @SpringBootConfiguration com.linkedin.docker.example.DockerExampleApplication for test class com.linkedin.docker.example.DockerExampleApplicationTests
10:24:48.362 [Test worker] DEBUG org.springframework.boot.test.context.SpringBootTestContextBootstrapper - @TestExecutionListeners is not present for class [com.linkedin.docker.example.DockerExampleApplicationTests]: using defaults.
10:24:48.363 [Test worker] INFO org.springframework.boot.test.context.SpringBootTestContextBootstrapper - Loaded default TestExecutionListener class names from location [META-INF/spring.factories]: [org.springframework.boot.test.autoconfigure.restdocs.RestDocsTestExecutionListener, org.springframework.boot.test.autoconfigure.web.client.MockRestServiceServerResetTestExecutionListener, org.springframework.boot.test.autoconfigure.web.servlet.MockMvcPrintOnlyOnFailureTestExecutionListener, org.springframework.boot.test.autoconfigure.web.servlet.WebDriverTestExecutionListener, org.springframework.boot.test.autoconfigure.webservices.client.MockWebServiceServerTestExecutionListener, org.springframework.boot.test.mock.mockito.MockitoTestExecutionListener, org.springframework.boot.test.mock.mockito.ResetMocksTestExecutionListener, org.springframework.test.context.web.ServletTestExecutionListener, org.springframework.test.context.support.DirtiesContextBeforeModesTestExecutionListener, org.springframework.test.context.event.ApplicationEventsTestExecutionListener, org.springframework.test.context.support.DependencyInjectionTestExecutionListener, org.springframework.test.context.support.DirtiesContextTestExecutionListener, org.springframework.test.context.transaction.TransactionalTestExecutionListener, org.springframework.test.context.jdbc.SqlScriptsTestExecutionListener, org.springframework.test.context.event.EventPublishingTestExecutionListener]
10:24:48.373 [Test worker] INFO org.springframework.boot.test.context.SpringBootTestContextBootstrapper - Using TestExecutionListeners: [org.springframework.test.context.web.ServletTestExecutionListener@31500940, org.springframework.test.context.support.DirtiesContextBeforeModesTestExecutionListener@1827a871, org.springframework.test.context.event.ApplicationEventsTestExecutionListener@48e64352, org.springframework.boot.test.mock.mockito.MockitoTestExecutionListener@7249dadf, org.springframework.boot.test.autoconfigure.SpringBootDependencyInjectionTestExecutionListener@4362d7df, org.springframework.test.context.support.DirtiesContextTestExecutionListener@66238be2, org.springframework.test.context.transaction.TransactionalTestExecutionListener@1c25b8a7, org.springframework.test.context.jdbc.SqlScriptsTestExecutionListener@200606de, org.springframework.test.context.event.EventPublishingTestExecutionListener@750fe12e, org.springframework.boot.test.autoconfigure.restdocs.RestDocsTestExecutionListener@f8908f6, org.springframework.boot.test.autoconfigure.web.client.MockRestServiceServerResetTestExecutionListener@3e587920, org.springframework.boot.test.autoconfigure.web.servlet.MockMvcPrintOnlyOnFailureTestExecutionListener@2ef8a8c3, org.springframework.boot.test.autoconfigure.web.servlet.WebDriverTestExecutionListener@24f43aa3, org.springframework.boot.test.autoconfigure.webservices.client.MockWebServiceServerTestExecutionListener@63fd4873, org.springframework.boot.test.mock.mockito.ResetMocksTestExecutionListener@1e11bc55]
10:24:48.375 [Test worker] DEBUG org.springframework.test.context.support.AbstractDirtiesContextTestExecutionListener - Before test class: context [DefaultTestContext@65f87a2c testClass = DockerExampleApplicationTests, testInstance = [null], testMethod = [null], testException = [null], mergedContextConfiguration = [WebMergedContextConfiguration@51684e4a testClass = DockerExampleApplicationTests, locations = '{}', classes = '{class com.linkedin.docker.example.DockerExampleApplication}', contextInitializerClasses = '[]', activeProfiles = '{}', propertySourceLocations = '{}', propertySourceProperties = '{org.springframework.boot.test.context.SpringBootTestContextBootstrapper=true}', contextCustomizers = set[org.springframework.boot.test.autoconfigure.actuate.metrics.MetricsExportContextCustomizerFactory$DisableMetricExportContextCustomizer@5c153b9e, org.springframework.boot.test.autoconfigure.properties.PropertyMappingContextCustomizer@0, org.springframework.boot.test.autoconfigure.web.servlet.WebDriverContextCustomizerFactory$Customizer@5bd82fed, org.springframework.boot.test.context.filter.ExcludeFilterContextCustomizer@549949be, org.springframework.boot.test.json.DuplicateJsonObjectContextCustomizerFactory$DuplicateJsonObjectContextCustomizer@39ad977d, org.springframework.boot.test.mock.mockito.MockitoContextCustomizer@0, org.springframework.boot.test.web.client.TestRestTemplateContextCustomizer@320de594, org.springframework.boot.test.context.SpringBootTestArgs@1, org.springframework.boot.test.context.SpringBootTestWebEnvironment@28194a50], resourceBasePath = 'src/main/webapp', contextLoader = 'org.springframework.boot.test.context.SpringBootContextLoader', parent = [null]], attributes = map['org.springframework.test.context.web.ServletTestExecutionListener.activateListener' -> true]], class annotated with @DirtiesContext [false] with mode [null].

  .   ____          _            __ _ _
 /\\ / ___'_ __ _ _(_)_ __  __ _ \ \ \ \
( ( )\___ | '_ | '_| | '_ \/ _` | \ \ \ \
 \\/  ___)| |_)| | | | | || (_| |  ) ) ) )
  '  |____| .__|_| |_|_| |_\__, | / / / /
 =========|_|==============|___/=/_/_/_/
 :: Spring Boot ::                (v2.7.1)

2022-07-01 10:24:48.639  INFO 80013 --- [    Test worker] c.l.d.e.DockerExampleApplicationTests    : Starting DockerExampleApplicationTests using Java 11.0.13 on lpant-mn1.linkedin.biz with PID 80013 (started by lpant in /Users/lpant/personal/docker-example)
2022-07-01 10:24:48.640  INFO 80013 --- [    Test worker] c.l.d.e.DockerExampleApplicationTests    : No active profile set, falling back to 1 default profile: "default"
2022-07-01 10:24:49.691  INFO 80013 --- [    Test worker] c.l.d.e.DockerExampleApplicationTests    : Started DockerExampleApplicationTests in 1.282 seconds (JVM running for 2.063)
]]></system-out>
  <system-err><![CDATA[]]></system-err>
</testsuite>
